1768540685.565295 client started (47019): version 3.6, socket /private/tmp/tmux-501/default, protocol 8
1768540685.566366 on Darwin 25.2.0 Darwin Kernel Version 25.2.0: Tue Nov 18 21:09:55 PST 2025; root:xnu-12377.61.12~1/RELEASE_ARM64_T8103
1768540685.566373 using libevent 2.1.12-stable select
1768540685.566411 using utf8proc 2.11.2
1768540685.566416 using ncurses 6.5 20240427
1768540685.566427 flags are 0x18010000
1768540685.566431 socket is /private/tmp/tmux-501/default
1768540685.566441 trying connect
1768540685.566454 connect failed: No such file or directory
1768540685.566464 lock file is /private/tmp/tmux-501/default.lock
1768540685.566532 flock succeeded
1768540685.566538 got lock (6)
1768540685.566543 trying connect
1768540685.566550 connect failed: No such file or directory
1768540685.566868 add peer 0x1030a9490: 7 (0x0)
1768540685.571993 sending message 111 to peer 0x1030a9490 (8 bytes)
1768540685.572006 sending message 111 to peer 0x1030a9490 (8 bytes)
1768540685.572014 sending message 101 to peer 0x1030a9490 (15 bytes)
1768540685.572020 sending message 109 to peer 0x1030a9490 (4 bytes)
1768540685.572026 sending message 102 to peer 0x1030a9490 (13 bytes)
1768540685.572032 sending message 108 to peer 0x1030a9490 (56 bytes)
1768540685.572038 sending message 112 to peer 0x1030a9490 (58 bytes)
1768540685.572044 sending message 112 to peer 0x1030a9490 (5 bytes)
1768540685.572051 sending message 112 to peer 0x1030a9490 (5 bytes)
1768540685.572060 sending message 112 to peer 0x1030a9490 (6 bytes)
1768540685.572067 sending message 112 to peer 0x1030a9490 (6 bytes)
1768540685.572072 sending message 112 to peer 0x1030a9490 (11 bytes)
1768540685.572077 sending message 112 to peer 0x1030a9490 (10 bytes)
1768540685.572083 sending message 112 to peer 0x1030a9490 (13 bytes)
1768540685.572089 sending message 112 to peer 0x1030a9490 (14 bytes)
1768540685.572095 sending message 112 to peer 0x1030a9490 (19 bytes)
1768540685.572100 sending message 112 to peer 0x1030a9490 (11 bytes)
1768540685.572105 sending message 112 to peer 0x1030a9490 (10 bytes)
1768540685.572111 sending message 112 to peer 0x1030a9490 (15 bytes)
1768540685.572117 sending message 112 to peer 0x1030a9490 (21 bytes)
1768540685.572122 sending message 112 to peer 0x1030a9490 (13 bytes)
1768540685.572127 sending message 112 to peer 0x1030a9490 (7 bytes)
1768540685.572133 sending message 112 to peer 0x1030a9490 (13 bytes)
1768540685.572139 sending message 112 to peer 0x1030a9490 (7 bytes)
1768540685.572144 sending message 112 to peer 0x1030a9490 (13 bytes)
1768540685.572150 sending message 112 to peer 0x1030a9490 (9 bytes)
1768540685.572156 sending message 112 to peer 0x1030a9490 (21 bytes)
1768540685.572161 sending message 112 to peer 0x1030a9490 (13 bytes)
1768540685.572166 sending message 112 to peer 0x1030a9490 (9 bytes)
1768540685.572172 sending message 112 to peer 0x1030a9490 (16 bytes)
1768540685.572178 sending message 112 to peer 0x1030a9490 (13 bytes)
1768540685.572186 sending message 112 to peer 0x1030a9490 (9 bytes)
1768540685.572192 sending message 112 to peer 0x1030a9490 (9 bytes)
1768540685.572197 sending message 112 to peer 0x1030a9490 (12 bytes)
1768540685.572203 sending message 112 to peer 0x1030a9490 (8 bytes)
1768540685.572208 sending message 112 to peer 0x1030a9490 (8 bytes)
1768540685.572213 sending message 112 to peer 0x1030a9490 (13 bytes)
1768540685.572218 sending message 112 to peer 0x1030a9490 (7 bytes)
1768540685.572223 sending message 112 to peer 0x1030a9490 (7 bytes)
1768540685.572229 sending message 112 to peer 0x1030a9490 (9 bytes)
1768540685.572234 sending message 112 to peer 0x1030a9490 (9 bytes)
1768540685.572239 sending message 112 to peer 0x1030a9490 (15 bytes)
1768540685.572245 sending message 112 to peer 0x1030a9490 (13 bytes)
1768540685.572251 sending message 112 to peer 0x1030a9490 (12 bytes)
1768540685.572256 sending message 112 to peer 0x1030a9490 (8 bytes)
1768540685.572262 sending message 112 to peer 0x1030a9490 (14 bytes)
1768540685.572268 sending message 112 to peer 0x1030a9490 (11 bytes)
1768540685.572273 sending message 112 to peer 0x1030a9490 (9 bytes)
1768540685.572291 sending message 112 to peer 0x1030a9490 (10 bytes)
1768540685.572296 sending message 112 to peer 0x1030a9490 (10 bytes)
1768540685.572301 sending message 112 to peer 0x1030a9490 (10 bytes)
1768540685.572305 sending message 112 to peer 0x1030a9490 (10 bytes)
1768540685.572309 sending message 112 to peer 0x1030a9490 (11 bytes)
1768540685.572313 sending message 112 to peer 0x1030a9490 (12 bytes)
1768540685.572318 sending message 112 to peer 0x1030a9490 (12 bytes)
1768540685.572322 sending message 112 to peer 0x1030a9490 (12 bytes)
1768540685.572326 sending message 112 to peer 0x1030a9490 (12 bytes)
1768540685.572331 sending message 112 to peer 0x1030a9490 (12 bytes)
1768540685.572335 sending message 112 to peer 0x1030a9490 (11 bytes)
1768540685.572340 sending message 112 to peer 0x1030a9490 (11 bytes)
1768540685.572343 sending message 112 to peer 0x1030a9490 (12 bytes)
1768540685.572348 sending message 112 to peer 0x1030a9490 (12 bytes)
1768540685.572356 sending message 112 to peer 0x1030a9490 (12 bytes)
1768540685.572360 sending message 112 to peer 0x1030a9490 (12 bytes)
1768540685.572364 sending message 112 to peer 0x1030a9490 (12 bytes)
1768540685.572368 sending message 112 to peer 0x1030a9490 (9 bytes)
1768540685.572372 sending message 112 to peer 0x1030a9490 (12 bytes)
1768540685.572376 sending message 112 to peer 0x1030a9490 (13 bytes)
1768540685.572380 sending message 112 to peer 0x1030a9490 (13 bytes)
1768540685.572384 sending message 112 to peer 0x1030a9490 (13 bytes)
1768540685.572389 sending message 112 to peer 0x1030a9490 (13 bytes)
1768540685.572393 sending message 112 to peer 0x1030a9490 (13 bytes)
1768540685.572397 sending message 112 to peer 0x1030a9490 (8 bytes)
1768540685.572401 sending message 112 to peer 0x1030a9490 (11 bytes)
1768540685.572405 sending message 112 to peer 0x1030a9490 (11 bytes)
1768540685.572410 sending message 112 to peer 0x1030a9490 (11 bytes)
1768540685.572414 sending message 112 to peer 0x1030a9490 (12 bytes)
1768540685.572418 sending message 112 to peer 0x1030a9490 (12 bytes)
1768540685.572422 sending message 112 to peer 0x1030a9490 (12 bytes)
1768540685.572427 sending message 112 to peer 0x1030a9490 (12 bytes)
1768540685.572431 sending message 112 to peer 0x1030a9490 (13 bytes)
1768540685.572435 sending message 112 to peer 0x1030a9490 (13 bytes)
1768540685.572439 sending message 112 to peer 0x1030a9490 (13 bytes)
1768540685.572443 sending message 112 to peer 0x1030a9490 (8 bytes)
1768540685.572448 sending message 112 to peer 0x1030a9490 (13 bytes)
1768540685.572452 sending message 112 to peer 0x1030a9490 (13 bytes)
1768540685.572456 sending message 112 to peer 0x1030a9490 (13 bytes)
1768540685.572460 sending message 112 to peer 0x1030a9490 (13 bytes)
1768540685.572464 sending message 112 to peer 0x1030a9490 (13 bytes)
1768540685.572469 sending message 112 to peer 0x1030a9490 (12 bytes)
1768540685.572473 sending message 112 to peer 0x1030a9490 (12 bytes)
1768540685.572477 sending message 112 to peer 0x1030a9490 (12 bytes)
1768540685.572481 sending message 112 to peer 0x1030a9490 (12 bytes)
1768540685.572485 sending message 112 to peer 0x1030a9490 (13 bytes)
1768540685.572490 sending message 112 to peer 0x1030a9490 (8 bytes)
1768540685.572494 sending message 112 to peer 0x1030a9490 (13 bytes)
1768540685.572498 sending message 112 to peer 0x1030a9490 (13 bytes)
1768540685.572502 sending message 112 to peer 0x1030a9490 (13 bytes)
1768540685.572506 sending message 112 to peer 0x1030a9490 (13 bytes)
1768540685.572511 sending message 112 to peer 0x1030a9490 (13 bytes)
1768540685.572514 sending message 112 to peer 0x1030a9490 (13 bytes)
1768540685.572519 sending message 112 to peer 0x1030a9490 (13 bytes)
1768540685.572524 sending message 112 to peer 0x1030a9490 (12 bytes)
1768540685.572529 sending message 112 to peer 0x1030a9490 (12 bytes)
1768540685.572533 sending message 112 to peer 0x1030a9490 (12 bytes)
1768540685.572538 sending message 112 to peer 0x1030a9490 (8 bytes)
1768540685.572542 sending message 112 to peer 0x1030a9490 (12 bytes)
1768540685.572552 sending message 112 to peer 0x1030a9490 (13 bytes)
1768540685.572556 sending message 112 to peer 0x1030a9490 (13 bytes)
1768540685.572560 sending message 112 to peer 0x1030a9490 (13 bytes)
1768540685.572564 sending message 112 to peer 0x1030a9490 (13 bytes)
1768540685.572569 sending message 112 to peer 0x1030a9490 (13 bytes)
1768540685.572573 sending message 112 to peer 0x1030a9490 (13 bytes)
1768540685.572577 sending message 112 to peer 0x1030a9490 (13 bytes)
1768540685.572581 sending message 112 to peer 0x1030a9490 (13 bytes)
1768540685.572585 sending message 112 to peer 0x1030a9490 (12 bytes)
1768540685.572590 sending message 112 to peer 0x1030a9490 (10 bytes)
1768540685.572594 sending message 112 to peer 0x1030a9490 (12 bytes)
1768540685.572598 sending message 112 to peer 0x1030a9490 (12 bytes)
1768540685.572602 sending message 112 to peer 0x1030a9490 (12 bytes)
1768540685.572607 sending message 112 to peer 0x1030a9490 (13 bytes)
1768540685.572611 sending message 112 to peer 0x1030a9490 (13 bytes)
1768540685.572615 sending message 112 to peer 0x1030a9490 (13 bytes)
1768540685.572619 sending message 112 to peer 0x1030a9490 (13 bytes)
1768540685.572623 sending message 112 to peer 0x1030a9490 (13 bytes)
1768540685.572628 sending message 112 to peer 0x1030a9490 (13 bytes)
1768540685.572632 sending message 112 to peer 0x1030a9490 (13 bytes)
1768540685.572636 sending message 112 to peer 0x1030a9490 (10 bytes)
1768540685.572641 sending message 112 to peer 0x1030a9490 (13 bytes)
1768540685.572645 sending message 112 to peer 0x1030a9490 (12 bytes)
1768540685.572649 sending message 112 to peer 0x1030a9490 (12 bytes)
1768540685.572653 sending message 112 to peer 0x1030a9490 (12 bytes)
1768540685.572657 sending message 112 to peer 0x1030a9490 (10 bytes)
1768540685.572661 sending message 112 to peer 0x1030a9490 (10 bytes)
1768540685.572665 sending message 112 to peer 0x1030a9490 (10 bytes)
1768540685.572670 sending message 112 to peer 0x1030a9490 (12 bytes)
1768540685.572675 sending message 112 to peer 0x1030a9490 (13 bytes)
1768540685.572680 sending message 112 to peer 0x1030a9490 (13 bytes)
1768540685.572684 sending message 112 to peer 0x1030a9490 (13 bytes)
1768540685.572688 sending message 112 to peer 0x1030a9490 (13 bytes)
1768540685.572693 sending message 112 to peer 0x1030a9490 (13 bytes)
1768540685.572697 sending message 112 to peer 0x1030a9490 (10 bytes)
1768540685.572701 sending message 112 to peer 0x1030a9490 (11 bytes)
1768540685.572705 sending message 112 to peer 0x1030a9490 (12 bytes)
1768540685.572710 sending message 112 to peer 0x1030a9490 (12 bytes)
1768540685.572715 sending message 112 to peer 0x1030a9490 (12 bytes)
1768540685.572719 sending message 112 to peer 0x1030a9490 (12 bytes)
1768540685.572724 sending message 112 to peer 0x1030a9490 (12 bytes)
1768540685.572728 sending message 112 to peer 0x1030a9490 (11 bytes)
1768540685.572732 sending message 112 to peer 0x1030a9490 (12 bytes)
1768540685.572737 sending message 112 to peer 0x1030a9490 (12 bytes)
1768540685.572741 sending message 112 to peer 0x1030a9490 (13 bytes)
1768540685.572745 sending message 112 to peer 0x1030a9490 (13 bytes)
1768540685.572749 sending message 112 to peer 0x1030a9490 (13 bytes)
1768540685.572754 sending message 112 to peer 0x1030a9490 (13 bytes)
1768540685.572758 sending message 112 to peer 0x1030a9490 (13 bytes)
1768540685.572762 sending message 112 to peer 0x1030a9490 (10 bytes)
1768540685.572766 sending message 112 to peer 0x1030a9490 (9 bytes)
1768540685.572771 sending message 112 to peer 0x1030a9490 (12 bytes)
1768540685.572775 sending message 112 to peer 0x1030a9490 (13 bytes)
1768540685.572779 sending message 112 to peer 0x1030a9490 (13 bytes)
1768540685.572783 sending message 112 to peer 0x1030a9490 (13 bytes)
1768540685.572788 sending message 112 to peer 0x1030a9490 (13 bytes)
1768540685.572792 sending message 112 to peer 0x1030a9490 (13 bytes)
1768540685.572797 sending message 112 to peer 0x1030a9490 (9 bytes)
1768540685.572801 sending message 112 to peer 0x1030a9490 (12 bytes)
1768540685.572806 sending message 112 to peer 0x1030a9490 (13 bytes)
1768540685.572815 sending message 112 to peer 0x1030a9490 (13 bytes)
1768540685.572818 sending message 112 to peer 0x1030a9490 (13 bytes)
1768540685.572823 sending message 112 to peer 0x1030a9490 (13 bytes)
1768540685.572827 sending message 112 to peer 0x1030a9490 (13 bytes)
1768540685.572832 sending message 112 to peer 0x1030a9490 (11 bytes)
1768540685.572837 sending message 112 to peer 0x1030a9490 (12 bytes)
1768540685.572842 sending message 112 to peer 0x1030a9490 (13 bytes)
1768540685.572846 sending message 112 to peer 0x1030a9490 (13 bytes)
1768540685.572851 sending message 112 to peer 0x1030a9490 (13 bytes)
1768540685.572856 sending message 112 to peer 0x1030a9490 (13 bytes)
1768540685.572861 sending message 112 to peer 0x1030a9490 (13 bytes)
1768540685.572865 sending message 112 to peer 0x1030a9490 (11 bytes)
1768540685.572870 sending message 112 to peer 0x1030a9490 (12 bytes)
1768540685.572874 sending message 112 to peer 0x1030a9490 (12 bytes)
1768540685.572879 sending message 112 to peer 0x1030a9490 (12 bytes)
1768540685.572883 sending message 112 to peer 0x1030a9490 (12 bytes)
1768540685.572888 sending message 112 to peer 0x1030a9490 (12 bytes)
1768540685.572892 sending message 112 to peer 0x1030a9490 (21 bytes)
1768540685.572897 sending message 112 to peer 0x1030a9490 (12 bytes)
1768540685.572901 sending message 112 to peer 0x1030a9490 (9 bytes)
1768540685.572905 sending message 112 to peer 0x1030a9490 (6 bytes)
1768540685.572909 sending message 112 to peer 0x1030a9490 (13 bytes)
1768540685.572913 sending message 112 to peer 0x1030a9490 (10 bytes)
1768540685.572917 sending message 112 to peer 0x1030a9490 (24 bytes)
1768540685.572922 sending message 112 to peer 0x1030a9490 (13 bytes)
1768540685.572926 sending message 112 to peer 0x1030a9490 (9 bytes)
1768540685.572930 sending message 112 to peer 0x1030a9490 (70 bytes)
1768540685.572935 sending message 112 to peer 0x1030a9490 (69 bytes)
1768540685.572939 sending message 112 to peer 0x1030a9490 (12 bytes)
1768540685.572943 sending message 112 to peer 0x1030a9490 (10 bytes)
1768540685.572947 sending message 112 to peer 0x1030a9490 (10 bytes)
1768540685.572951 sending message 112 to peer 0x1030a9490 (24 bytes)
1768540685.572955 sending message 112 to peer 0x1030a9490 (13 bytes)
1768540685.572960 sending message 112 to peer 0x1030a9490 (10 bytes)
1768540685.572964 sending message 112 to peer 0x1030a9490 (10 bytes)
1768540685.572968 sending message 112 to peer 0x1030a9490 (10 bytes)
1768540685.572973 sending message 112 to peer 0x1030a9490 (13 bytes)
1768540685.572977 sending message 112 to peer 0x1030a9490 (15 bytes)
1768540685.572981 sending message 112 to peer 0x1030a9490 (5 bytes)
1768540685.572987 sending message 104 to peer 0x1030a9490 (0 bytes)
1768540685.572992 sending message 110 to peer 0x1030a9490 (0 bytes)
1768540685.572996 sending message 107 to peer 0x1030a9490 (4 bytes)
1768540685.573001 sending message 105 to peer 0x1030a9490 (57 bytes)
1768540685.573006 sending message 105 to peer 0x1030a9490 (40 bytes)
1768540685.573011 sending message 105 to peer 0x1030a9490 (14 bytes)
1768540685.573014 sending message 105 to peer 0x1030a9490 (54 bytes)
1768540685.573018 sending message 105 to peer 0x1030a9490 (20 bytes)
1768540685.573022 sending message 105 to peer 0x1030a9490 (66 bytes)
1768540685.573027 sending message 105 to peer 0x1030a9490 (24 bytes)
1768540685.573031 sending message 105 to peer 0x1030a9490 (19 bytes)
1768540685.573035 sending message 105 to peer 0x1030a9490 (28 bytes)
1768540685.573039 sending message 105 to peer 0x1030a9490 (20 bytes)
1768540685.573044 sending message 105 to peer 0x1030a9490 (18 bytes)
1768540685.573048 sending message 105 to peer 0x1030a9490 (25 bytes)
1768540685.573052 sending message 105 to peer 0x1030a9490 (53 bytes)
1768540685.573056 sending message 105 to peer 0x1030a9490 (15 bytes)
1768540685.573060 sending message 105 to peer 0x1030a9490 (19 bytes)
1768540685.573065 sending message 105 to peer 0x1030a9490 (15 bytes)
1768540685.573069 sending message 105 to peer 0x1030a9490 (12 bytes)
1768540685.573079 sending message 105 to peer 0x1030a9490 (346 bytes)
1768540685.573084 sending message 105 to peer 0x1030a9490 (8 bytes)
1768540685.573088 sending message 105 to peer 0x1030a9490 (60 bytes)
1768540685.573093 sending message 105 to peer 0x1030a9490 (67 bytes)
1768540685.573098 sending message 105 to peer 0x1030a9490 (29 bytes)
1768540685.573102 sending message 105 to peer 0x1030a9490 (11 bytes)
1768540685.573106 sending message 105 to peer 0x1030a9490 (8 bytes)
1768540685.573112 sending message 105 to peer 0x1030a9490 (32 bytes)
1768540685.573116 sending message 105 to peer 0x1030a9490 (96 bytes)
1768540685.573121 sending message 105 to peer 0x1030a9490 (17 bytes)
1768540685.573126 sending message 105 to peer 0x1030a9490 (25 bytes)
1768540685.573130 sending message 106 to peer 0x1030a9490 (0 bytes)
1768540685.573186 sending message 200 to peer 0x1030a9490 (4 bytes)
1768540685.573192 client loop enter
1768540685.573212 client_signal: Child exited: 20
1768540685.665048 peer 0x1030a9490 message 207
1768540685.665060 sending message 208 to peer 0x1030a9490 (0 bytes)
1768540691.744712 peer 0x1030a9490 message 203
1768540691.744738 sending message 205 to peer 0x1030a9490 (0 bytes)
1768540691.745082 peer 0x1030a9490 message 204
1768540691.745108 client loop exit
